/home/yzhao9426/opt-env/lib/python3.9/site-packages/numba/cuda/dispatcher.py:536: NumbaPerformanceWarning: Grid size 2 will likely result in GPU under-utilization due to low occupancy.
  warn(NumbaPerformanceWarning(msg))
Starting capstone optimization experiments (GPU-only, 128-thread blocks)...
Generating 100000 units (each with 250 eggs)...

=== Run 1 / 3 ===
  Using unit #21615 as start point.
  [DE] running...
  [DE] best = 3787.446045, time = 2.771s
  [PSO] running...
  [PSO] best = 3200.568604, time = 0.131s
  [GA] running...
  [GA] best = 3560.438232, time = 0.686s

=== Run 2 / 3 ===
  Using unit #19758 as start point.
  [DE] running...
  [DE] best = 3636.420898, time = 2.777s
  [PSO] running...
  [PSO] best = 3192.295166, time = 0.128s
  [GA] running...
  [GA] best = 3494.292725, time = 0.682s

=== Run 3 / 3 ===
  Using unit #24442 as start point.
  [DE] running...
  [DE] best = 3875.366943, time = 2.777s
  [PSO] running...
  [PSO] best = 3300.014893, time = 0.129s
  [GA] running...
  [GA] best = 3752.337402, time = 0.682s

All experiments finished. Results saved to capstone_results.npy
