======================================================================================================
n_gen  |  n_eval  |    f     |    S    |    w    |    c1    |    c2    |     f_avg     |     f_min    
======================================================================================================
     1 |       20 |        - |       - |  0.9000 |  2.00000 |  2.00000 |  4.178962E+01 |  1.834132E+01
     2 |       40 | -1.4E-02 |       3 |  0.3913 |  2.00000 |  2.01843 |  2.244445E+01 |  4.0129765541
     3 |       60 |  0.03039 |       3 |  0.4191 |  1.99095 |  2.02697 |  7.5740777451 |  2.1032305386
     4 |       80 | -5.7E-02 |       3 |  0.3648 |  1.98249 |  2.04536 |  4.1222621622 |  1.2564165797
     5 |      100 |  0.00539 |       3 |  0.4034 |  1.96927 |  2.05342 |  2.4922340199 |  0.7810027599
     6 |      120 | -5.6E-02 |       3 |  0.3659 |  1.95909 |  2.06904 |  1.8821018030 |  0.6897329669
     7 |      140 | -5.0E-02 |       3 |  0.3689 |  1.94664 |  2.08310 |  1.2242840254 |  0.3815243378
     8 |      160 |  0.03612 |       3 |  0.4227 |  1.93362 |  2.09385 |  1.1175925516 |  0.3815243378
     9 |      180 | -7.2E-02 |       3 |  0.3558 |  1.92189 |  2.10339 |  0.9290897251 |  0.3815243378
    10 |      200 | -8.8E-02 |       3 |  0.3463 |  1.91159 |  2.11446 |  0.6780019187 |  0.2869066987
    11 |      220 | -3.0E-02 |       3 |  0.3816 |  1.90068 |  2.12035 |  0.5417140105 |  0.1506521799
    12 |      240 | -4.4E-02 |       3 |  0.3731 |  1.89244 |  2.12837 |  0.4882987564 |  0.1142266453
    13 |      260 |  0.01329 |       3 |  0.4083 |  1.88542 |  2.14365 |  0.4533964187 |  0.1142266453
    14 |      280 | -4.9E-02 |       3 |  0.3699 |  1.87459 |  2.15435 |  0.3299775030 |  0.1087726544
    15 |      300 | -7.0E-02 |       3 |  0.3572 |  1.86441 |  2.16657 |  0.3163713787 |  0.0649958971
    16 |      320 | -1.5E-02 |       3 |  0.3907 |  1.85223 |  2.16981 |  0.2718162189 |  0.0567852373
    17 |      340 | -4.4E-03 |       3 |  0.3973 |  1.84455 |  2.17654 |  0.2479072339 |  0.0339482670
    18 |      360 | -1.2E-02 |       3 |  0.3927 |  1.83824 |  2.18740 |  0.2183291585 |  0.0266970030
    19 |      380 | -3.9E-02 |       3 |  0.3758 |  1.82889 |  2.19103 |  0.1674160197 |  0.0241503832
    20 |      400 | -3.4E-02 |       3 |  0.3792 |  1.82340 |  2.20138 |  0.1098869452 |  0.0241503832
PSO finished
x* = [ 0.10604745 -0.02734268 -0.02945498  0.01275225 -0.10548215]
f(x*) = [0.02415038]
